2024-11-15 07:18:10,733 [INFO] app - Home route accessed. [app.home:27]
2024-11-15 07:18:24,813 [INFO] app - New member registered: MEM-7F6CCC [app.register_member:42]
2024-11-15 07:18:49,798 [INFO] app - Attendance recorded for member: MEM-7F6CCC [app.record_attendance:102]
2024-11-15 07:18:59,352 [INFO] app - Attendance list retrieved. [app.get_attendance_list:113]
2024-11-15 07:19:01,453 [INFO] app - Payment list retrieved. [app.get_payment_list:123]
2024-11-15 07:20:15,272 [INFO] app - New member registered: MEM-BCF45B [app.register_member:42]
2024-11-15 07:20:22,078 [INFO] app - Attendance recorded for member: MEM-BCF45B [app.record_attendance:102]
2024-11-15 07:20:32,498 [INFO] app - Attendance list retrieved. [app.get_attendance_list:113]
2024-11-15 07:20:51,319 [INFO] app - Attendance recorded for member: MEM-7F6CCC [app.record_attendance:102]
2024-11-15 07:25:23,373 [INFO] app - Attendance recorded for member: MEM-7F6CCC [app.record_attendance:102]
2024-11-15 07:27:56,771 [INFO] app - Attendance recorded for member: MEM-7F6CCC [app.record_attendance:102]
2024-11-15 07:28:13,385 [INFO] app - Attendance recorded for member: MEM-BCF45B [app.record_attendance:102]
2024-11-15 07:28:16,787 [INFO] app - Attendance list retrieved. [app.get_attendance_list:113]
2024-11-15 07:33:57,855 [INFO] app - Home route accessed. [app.home:27]
2024-11-15 07:34:11,380 [INFO] app - New member registered: MEM-E1594E [app.register_member:42]
2024-11-15 07:34:16,796 [INFO] app - Attendance recorded for member: MEM-E1594E [app.record_attendance:102]
2024-11-15 07:35:50,280 [INFO] app - New member registered: MEM-E6697B [app.register_member:42]
2024-11-15 07:35:50,289 [INFO] app - New member registered: MEM-7F1322 [app.register_member:42]
2024-11-15 07:35:58,467 [INFO] app - Attendance recorded for member: MEM-E6697B [app.record_attendance:102]
2024-11-15 07:46:24,295 [INFO] app - Home route accessed. [app.home:27]
2024-11-15 07:46:33,259 [INFO] app - Attendance recorded for member: MEM-7F1322 [app.record_attendance:102]
2024-11-15 07:46:35,911 [INFO] app - Attendance list retrieved. [app.get_attendance_list:113]
2024-11-15 07:47:09,250 [INFO] app - Attendance recorded for member: MEM-BCF45B [app.record_attendance:102]
2024-11-15 07:47:16,527 [INFO] app - Attendance recorded for member: MEM-E1594E [app.record_attendance:102]
2024-11-15 07:47:25,308 [INFO] app - Attendance recorded for member: MEM-7F6CCC [app.record_attendance:102]
2024-11-15 07:47:25,322 [INFO] app - Attendance recorded for member: MEM-7F6CCC [app.record_attendance:102]
2024-11-15 07:47:32,529 [INFO] app - Attendance list retrieved. [app.get_attendance_list:113]
2024-11-15 07:47:33,736 [INFO] app - Payment list retrieved. [app.get_payment_list:123]
2024-11-15 07:47:34,234 [INFO] app - Attendance list retrieved. [app.get_attendance_list:113]
2024-11-15 07:47:34,840 [INFO] app - Payment list retrieved. [app.get_payment_list:123]
2024-11-15 07:47:56,240 [INFO] app - Attendance list retrieved. [app.get_attendance_list:113]
2024-11-15 07:47:58,256 [INFO] app - Payment list retrieved. [app.get_payment_list:123]
2024-11-15 07:48:56,765 [INFO] app - Attendance list retrieved. [app.get_attendance_list:113]
2024-11-15 07:49:11,325 [INFO] app - Attendance recorded for member: MEM-BCF45B [app.record_attendance:102]
2024-11-15 07:49:52,484 [INFO] app - Attendance recorded for member: MEM-7F1322 [app.record_attendance:102]
2024-11-15 07:53:09,756 [INFO] app - Home route accessed. [app.home:27]
2024-11-15 07:53:38,969 [INFO] app - Attendance list retrieved. [app.get_attendance_list:113]
2024-11-15 07:53:45,969 [INFO] app - Attendance recorded for member: MEM-BCF45B [app.record_attendance:102]
2024-11-15 07:53:49,598 [INFO] app - Attendance list retrieved. [app.get_attendance_list:113]
2024-11-15 07:53:51,252 [INFO] app - Payment list retrieved. [app.get_payment_list:123]
2024-11-15 07:53:54,965 [INFO] app - Payment proccessed for member: MEM-7F6CCC [app.pay_fee:143]
2024-11-15 07:53:55,880 [INFO] app - Payment list retrieved. [app.get_payment_list:123]
2024-11-15 07:53:59,093 [INFO] app - Attendance list retrieved. [app.get_attendance_list:113]
2024-11-15 07:56:46,740 [INFO] app - Attendance list retrieved. [app.get_attendance_list:113]
2024-11-15 07:57:02,258 [INFO] app - Attendance recorded for member: MEM-7F6CCC [app.record_attendance:102]
2024-11-15 07:57:44,393 [INFO] app - Attendance recorded for member: MEM-E1594E [app.record_attendance:102]
2024-11-15 07:57:50,650 [INFO] app - Payment list retrieved. [app.get_payment_list:123]
2024-11-15 07:57:51,671 [INFO] app - Attendance list retrieved. [app.get_attendance_list:113]
2024-11-15 07:58:08,630 [INFO] app - New member registered: MEM-C5E94F [app.register_member:42]
2024-11-15 07:58:29,378 [INFO] app - Attendance recorded for member: MEM-C5E94F [app.record_attendance:102]
2024-11-15 07:58:32,098 [INFO] app - Attendance list retrieved. [app.get_attendance_list:113]
2024-11-15 07:58:45,010 [INFO] app - Attendance list retrieved. [app.get_attendance_list:113]
2024-11-15 07:59:14,727 [INFO] app - Attendance recorded for member: MEM-7F6CCC [app.record_attendance:102]
2024-11-15 08:00:14,033 [INFO] app - Attendance recorded for member: MEM-E1594E [app.record_attendance:102]
2024-11-15 08:00:16,771 [INFO] app - Attendance list retrieved. [app.get_attendance_list:113]
2024-11-15 08:00:16,776 [INFO] app - Attendance list retrieved. [app.get_attendance_list:113]
2024-11-15 08:02:31,350 [INFO] app - Attendance recorded for member: MEM-E1594E [app.record_attendance:102]
2024-11-15 08:02:35,212 [INFO] app - Attendance list retrieved. [app.get_attendance_list:113]
2024-11-15 08:02:41,133 [INFO] app - Payment list retrieved. [app.get_payment_list:123]
2024-11-15 08:02:42,277 [INFO] app - Attendance list retrieved. [app.get_attendance_list:113]
2024-11-15 08:02:51,411 [INFO] app - Attendance recorded for member: MEM-7F6CCC [app.record_attendance:102]
2024-11-15 08:03:01,115 [INFO] app - Attendance recorded for member: MEM-7F1322 [app.record_attendance:102]
2024-11-15 08:03:10,414 [INFO] app - Attendance list retrieved. [app.get_attendance_list:113]
2024-11-16 11:26:38,407 [INFO] app - Home route accessed. [app.home:27]
2024-11-16 11:26:47,212 [INFO] app - Attendance list retrieved. [app.get_attendance_list:113]
2024-11-16 11:26:56,789 [INFO] app - Attendance recorded for member: MEM-7F6CCC [app.record_attendance:102]
2024-11-16 11:26:59,819 [INFO] app - Attendance list retrieved. [app.get_attendance_list:113]
2024-11-16 11:27:21,069 [WARNING] app - Attendance failed: Payment required. [app.record_attendance:65]
2024-11-16 11:33:44,089 [INFO] app - Attendance recorded for member: MEM-7F6CCC [app.record_attendance:102]
2024-11-16 11:33:50,353 [INFO] app - Attendance list retrieved. [app.get_attendance_list:113]
2024-11-16 11:33:50,787 [INFO] app - Payment list retrieved. [app.get_payment_list:123]
2024-11-16 11:33:52,651 [INFO] app - Attendance list retrieved. [app.get_attendance_list:113]
2024-11-16 11:33:56,656 [INFO] app - Attendance recorded for member: MEM-7F1322 [app.record_attendance:102]
2024-11-16 11:33:59,480 [INFO] app - Attendance list retrieved. [app.get_attendance_list:113]
2024-11-16 11:35:46,820 [INFO] app - Attendance recorded for member: MEM-C5E94F [app.record_attendance:102]
2024-11-16 11:38:48,042 [INFO] app - Payment list retrieved. [app.get_payment_list:123]
2024-11-16 11:39:58,404 [INFO] app - Attendance list retrieved. [app.get_attendance_list:113]
2024-11-16 11:40:09,294 [WARNING] app - Attendance failed: Invalid member code. [app.record_attendance:59]
2024-11-16 11:40:36,161 [INFO] app - New member registered: MEM-F62009 [app.register_member:42]
2024-11-16 11:40:58,175 [INFO] app - Attendance recorded for member: MEM-F62009 [app.record_attendance:102]
2024-11-16 11:41:19,623 [INFO] app - Payment list retrieved. [app.get_payment_list:123]
2024-11-16 11:41:23,783 [INFO] app - Payment proccessed for member: MEM-E1594E [app.pay_fee:143]
2024-11-16 11:41:24,844 [INFO] app - Payment list retrieved. [app.get_payment_list:123]
2024-11-16 11:42:10,654 [INFO] app - Attendance recorded for member: MEM-E1594E [app.record_attendance:102]
2024-11-16 12:20:26,200 [INFO] app - New member registered: MEM-6EADB9 [app.register_member:42]
2024-11-16 12:21:39,284 [INFO] app - Attendance recorded for member: MEM-6EADB9 [app.record_attendance:102]
2024-11-16 12:22:05,551 [WARNING] app - Attendance failed: Payment required. [app.record_attendance:65]
2024-11-16 12:22:58,616 [INFO] app - Attendance list retrieved. [app.get_attendance_list:113]
2024-11-16 12:23:03,756 [INFO] app - Attendance recorded for member: MEM-E1594E [app.record_attendance:102]
2024-11-16 12:23:07,970 [INFO] app - Attendance list retrieved. [app.get_attendance_list:113]
2024-11-16 12:24:46,993 [INFO] app - Attendance recorded for member: MEM-C5E94F [app.record_attendance:102]
2024-11-16 12:26:07,846 [INFO] app - Attendance list retrieved. [app.get_attendance_list:113]
2024-11-16 12:26:13,352 [INFO] app - Attendance recorded for member: MEM-7F1322 [app.record_attendance:102]
2024-11-16 12:26:42,171 [WARNING] app - Attendance failed: Payment required. [app.record_attendance:65]
2024-12-14 08:43:16,637 [INFO] app - Home route accessed. [app.home:27]
2024-12-14 08:43:34,483 [INFO] app - New member registered: MEM-0CE47C [app.register_member:42]
2024-12-14 08:43:39,866 [INFO] app - Attendance recorded for member: MEM-0CE47C [app.record_attendance:102]
2024-12-14 08:43:42,498 [INFO] app - Attendance list retrieved. [app.get_attendance_list:113]
2024-12-14 08:43:45,040 [INFO] app - Payment list retrieved. [app.get_payment_list:123]
2024-12-14 08:43:46,111 [INFO] app - Attendance list retrieved. [app.get_attendance_list:113]
2024-12-14 08:47:09,058 [INFO] app - Home route accessed. [app.home:27]
2024-12-14 09:08:53,030 [INFO] app - Attendance list retrieved. [app.get_attendance_list:113]
2024-12-14 09:08:56,996 [INFO] app - Attendance recorded for member: MEM-0CE47C [app.record_attendance:102]
2024-12-14 09:09:01,895 [INFO] app - Attendance list retrieved. [app.get_attendance_list:113]
2024-12-14 09:47:21,533 [INFO] app - Attendance list retrieved. [app.get_attendance_list:113]
2024-12-14 09:47:22,046 [INFO] app - Payment list retrieved. [app.get_payment_list:123]
2024-12-14 09:47:25,919 [INFO] app - Home route accessed. [app.home:27]
2024-12-14 09:48:03,873 [INFO] app - Attendance list retrieved. [app.get_attendance_list:113]
2024-12-14 09:48:09,183 [INFO] app - Home route accessed. [app.home:27]
2024-12-14 09:54:09,962 [INFO] app - New member registered: MEM-B33EE4 [app.register_member:42]
2024-12-14 09:54:23,252 [INFO] app - Attendance recorded for member: MEM-B33EE4 [app.record_attendance:102]
2024-12-14 09:54:36,725 [INFO] app - Attendance list retrieved. [app.get_attendance_list:113]
2024-12-14 09:55:49,252 [INFO] app - Attendance recorded for member: MEM-B33EE4 [app.record_attendance:102]
2024-12-14 09:55:52,913 [INFO] app - Attendance list retrieved. [app.get_attendance_list:113]
2024-12-14 09:55:55,545 [INFO] app - Attendance recorded for member: MEM-B33EE4 [app.record_attendance:102]
2024-12-14 09:55:58,459 [INFO] app - Attendance recorded for member: MEM-B33EE4 [app.record_attendance:102]
2024-12-14 09:56:00,911 [INFO] app - Attendance recorded for member: MEM-B33EE4 [app.record_attendance:102]
2024-12-14 09:56:09,583 [WARNING] app - Attendance failed: Payment required. [app.record_attendance:65]
2024-12-14 09:56:16,054 [INFO] app - Payment list retrieved. [app.get_payment_list:123]
2024-12-14 09:56:22,191 [INFO] app - Payment proccessed for member: MEM-B33EE4 [app.pay_fee:143]
2024-12-14 09:56:23,667 [INFO] app - Payment list retrieved. [app.get_payment_list:123]
2024-12-14 09:56:27,261 [INFO] app - Attendance recorded for member: MEM-B33EE4 [app.record_attendance:102]
2024-12-14 09:56:30,721 [INFO] app - Attendance list retrieved. [app.get_attendance_list:113]
