2024-11-15 07:17:54,967 [DEBUG] models - Database connection established. [models.get_connection:24]
2024-11-15 07:17:54,980 [DEBUG] models - Database initialized succesfully. [models.init_db:67]
2024-11-15 07:18:24,809 [DEBUG] models - Database connection established. [models.get_connection:24]
2024-11-15 07:18:24,813 [INFO] models - New member created: Jason Yehezkiel Wijaya with member code: MEM-7F6CCC [models.create:95]
2024-11-15 07:18:49,794 [INFO] models - Member found: Jason Yehezkiel Wijaya with member code: MEM-7F6CCC [models.get_by_code:113]
2024-11-15 07:18:49,796 [INFO] models - New attendance created for member code: MEM-7F6CCC [models.create:191]
2024-11-15 07:18:59,347 [INFO] models - Retrieved all attendance records. Total records: 1 [models.get_all:221]
2024-11-15 07:19:01,453 [INFO] models - Fetched all payment records. Total records: 0 [models.get_all:330]
2024-11-15 07:20:15,272 [INFO] models - New member created: Rutger Montgomery with member code: MEM-BCF45B [models.create:95]
2024-11-15 07:20:22,074 [INFO] models - Member found: Rutger Montgomery with member code: MEM-BCF45B [models.get_by_code:113]
2024-11-15 07:20:22,076 [INFO] models - New attendance created for member code: MEM-BCF45B [models.create:191]
2024-11-15 07:20:32,498 [INFO] models - Retrieved all attendance records. Total records: 2 [models.get_all:221]
2024-11-15 07:20:38,426 [INFO] models - Member found: Jason Yehezkiel Wijaya with member code: MEM-7F6CCC [models.get_by_code:113]
2024-11-15 07:20:38,427 [INFO] models - Attendance found for member code: MEM-7F6CCC [models.get_last_attendance:153]
2024-11-15 07:20:51,314 [INFO] models - Member found: Jason Yehezkiel Wijaya with member code: MEM-7F6CCC [models.get_by_code:113]
2024-11-15 07:20:51,315 [INFO] models - Attendance found for member code: MEM-7F6CCC [models.get_last_attendance:153]
2024-11-15 07:20:51,316 [INFO] models - Attendance updated for member code: MEM-7F6CCC with visit number: 2 [models.create:185]
2024-11-15 07:25:23,367 [DEBUG] models - Database connection established. [models.get_connection:24]
2024-11-15 07:25:23,367 [INFO] models - Member found: Jason Yehezkiel Wijaya with member code: MEM-7F6CCC [models.get_by_code:113]
2024-11-15 07:25:23,368 [INFO] models - Attendance found for member code: MEM-7F6CCC [models.get_last_attendance:153]
2024-11-15 07:25:23,371 [INFO] models - Attendance updated for member code: MEM-7F6CCC with visit number: 3 [models.create:185]
2024-11-15 07:27:56,766 [INFO] models - Member found: Jason Yehezkiel Wijaya with member code: MEM-7F6CCC [models.get_by_code:113]
2024-11-15 07:27:56,766 [INFO] models - Attendance found for member code: MEM-7F6CCC [models.get_last_attendance:153]
2024-11-15 07:27:56,769 [INFO] models - Attendance updated for member code: MEM-7F6CCC with visit number: 4 [models.create:185]
2024-11-15 07:28:13,381 [INFO] models - Member found: Rutger Montgomery with member code: MEM-BCF45B [models.get_by_code:113]
2024-11-15 07:28:13,382 [INFO] models - Attendance found for member code: MEM-BCF45B [models.get_last_attendance:153]
2024-11-15 07:28:13,383 [INFO] models - Attendance updated for member code: MEM-BCF45B with visit number: 2 [models.create:185]
2024-11-15 07:28:16,787 [INFO] models - Retrieved all attendance records. Total records: 2 [models.get_all:221]
2024-11-15 07:34:11,375 [DEBUG] models - Database connection established. [models.get_connection:24]
2024-11-15 07:34:11,380 [INFO] models - New member created: Chez Bono with member code: MEM-E1594E [models.create:95]
2024-11-15 07:34:16,791 [INFO] models - Member found: Chez Bono with member code: MEM-E1594E [models.get_by_code:113]
2024-11-15 07:34:16,794 [INFO] models - New attendance created for member code: MEM-E1594E [models.create:191]
2024-11-15 07:35:50,280 [INFO] models - New member created: Veddriq Leonardo with member code: MEM-E6697B [models.create:95]
2024-11-15 07:35:50,288 [INFO] models - New member created: Frank Sinatra with member code: MEM-7F1322 [models.create:95]
2024-11-15 07:35:58,463 [INFO] models - Member found: Veddriq Leonardo with member code: MEM-E6697B [models.get_by_code:113]
2024-11-15 07:35:58,466 [INFO] models - New attendance created for member code: MEM-E6697B [models.create:191]
2024-11-15 07:46:33,253 [DEBUG] models - Database connection established. [models.get_connection:24]
2024-11-15 07:46:33,255 [INFO] models - Member found: Frank Sinatra with member code: MEM-7F1322 [models.get_by_code:113]
2024-11-15 07:46:33,257 [INFO] models - New attendance created for member code: MEM-7F1322 [models.create:191]
2024-11-15 07:46:35,911 [INFO] models - Retrieved all attendance records. Total records: 5 [models.get_all:221]
2024-11-15 07:47:09,243 [INFO] models - Member found: Rutger Montgomery with member code: MEM-BCF45B [models.get_by_code:113]
2024-11-15 07:47:09,245 [INFO] models - Attendance found for member code: MEM-BCF45B [models.get_last_attendance:153]
2024-11-15 07:47:09,248 [INFO] models - Attendance updated for member code: MEM-BCF45B with visit number: 3 [models.create:185]
2024-11-15 07:47:16,522 [INFO] models - Member found: Chez Bono with member code: MEM-E1594E [models.get_by_code:113]
2024-11-15 07:47:16,523 [INFO] models - Attendance found for member code: MEM-E1594E [models.get_last_attendance:153]
2024-11-15 07:47:16,525 [INFO] models - Attendance updated for member code: MEM-E1594E with visit number: 2 [models.create:185]
2024-11-15 07:47:25,283 [INFO] models - Member found: Jason Yehezkiel Wijaya with member code: MEM-7F6CCC [models.get_by_code:113]
2024-11-15 07:47:25,285 [INFO] models - Attendance found for member code: MEM-7F6CCC [models.get_last_attendance:153]
2024-11-15 07:47:25,286 [INFO] models - Member found: Jason Yehezkiel Wijaya with member code: MEM-7F6CCC [models.get_by_code:113]
2024-11-15 07:47:25,288 [INFO] models - Attendance updated for member code: MEM-7F6CCC with visit number: 5 [models.create:185]
2024-11-15 07:47:25,288 [INFO] models - Attendance found for member code: MEM-7F6CCC [models.get_last_attendance:153]
2024-11-15 07:47:25,308 [INFO] models - Payment record created for member code: MEM-7F6CCC with payment of 500000 [models.create:271]
2024-11-15 07:47:32,529 [INFO] models - Retrieved all attendance records. Total records: 5 [models.get_all:221]
2024-11-15 07:47:33,736 [INFO] models - Fetched all payment records. Total records: 2 [models.get_all:330]
2024-11-15 07:47:34,234 [INFO] models - Retrieved all attendance records. Total records: 5 [models.get_all:221]
2024-11-15 07:47:34,839 [INFO] models - Fetched all payment records. Total records: 2 [models.get_all:330]
2024-11-15 07:47:56,240 [INFO] models - Retrieved all attendance records. Total records: 5 [models.get_all:221]
2024-11-15 07:47:58,256 [INFO] models - Fetched all payment records. Total records: 2 [models.get_all:330]
2024-11-15 07:48:56,765 [INFO] models - Retrieved all attendance records. Total records: 5 [models.get_all:221]
2024-11-15 07:49:02,339 [INFO] models - Member found: Rutger Montgomery with member code: MEM-BCF45B [models.get_by_code:113]
2024-11-15 07:49:02,340 [INFO] models - Attendance found for member code: MEM-BCF45B [models.get_last_attendance:153]
2024-11-15 07:49:11,322 [INFO] models - Member found: Rutger Montgomery with member code: MEM-BCF45B [models.get_by_code:113]
2024-11-15 07:49:11,322 [INFO] models - Attendance found for member code: MEM-BCF45B [models.get_last_attendance:153]
2024-11-15 07:49:11,323 [INFO] models - Attendance updated for member code: MEM-BCF45B with visit number: 4 [models.create:185]
2024-11-15 07:49:52,479 [INFO] models - Member found: Frank Sinatra with member code: MEM-7F1322 [models.get_by_code:113]
2024-11-15 07:49:52,480 [INFO] models - Attendance found for member code: MEM-7F1322 [models.get_last_attendance:153]
2024-11-15 07:49:52,482 [INFO] models - Attendance updated for member code: MEM-7F1322 with visit number: 2 [models.create:185]
2024-11-15 07:53:38,968 [DEBUG] models - Database connection established. [models.get_connection:24]
2024-11-15 07:53:38,969 [INFO] models - Retrieved all attendance records. Total records: 5 [models.get_all:221]
2024-11-15 07:53:45,958 [INFO] models - Member found: Rutger Montgomery with member code: MEM-BCF45B [models.get_by_code:113]
2024-11-15 07:53:45,959 [INFO] models - Attendance found for member code: MEM-BCF45B [models.get_last_attendance:153]
2024-11-15 07:53:45,963 [INFO] models - Attendance updated for member code: MEM-BCF45B with visit number: 5 [models.create:185]
2024-11-15 07:53:45,969 [INFO] models - Payment record created for member code: MEM-BCF45B with payment of 250000 [models.create:271]
2024-11-15 07:53:49,597 [INFO] models - Retrieved all attendance records. Total records: 5 [models.get_all:221]
2024-11-15 07:53:51,252 [INFO] models - Fetched all payment records. Total records: 2 [models.get_all:330]
2024-11-15 07:53:54,951 [INFO] models - Unpaid payment found for member MEM-7F6CCC with payment of 500000 [models.get_unpaid:291]
2024-11-15 07:53:54,960 [INFO] models - Payment marked as paid for member MEM-7F6CCC [models.mark_as_paid:351]
2024-11-15 07:53:54,961 [INFO] models - Attendance found for member code: MEM-7F6CCC [models.get_last_attendance:153]
2024-11-15 07:53:54,965 [INFO] models - Visit number reset for member code: MEM-7F6CCC to 0 [models.reset_visit_number:242]
2024-11-15 07:53:55,880 [INFO] models - Fetched all payment records. Total records: 2 [models.get_all:330]
2024-11-15 07:53:59,093 [INFO] models - Retrieved all attendance records. Total records: 5 [models.get_all:221]
2024-11-15 07:56:46,740 [INFO] models - Retrieved all attendance records. Total records: 5 [models.get_all:221]
2024-11-15 07:57:02,253 [INFO] models - Member found: Jason Yehezkiel Wijaya with member code: MEM-7F6CCC [models.get_by_code:113]
2024-11-15 07:57:02,254 [INFO] models - Attendance found for member code: MEM-7F6CCC [models.get_last_attendance:153]
2024-11-15 07:57:02,255 [INFO] models - Attendance updated for member code: MEM-7F6CCC with visit number: 1 [models.create:185]
2024-11-15 07:57:44,388 [INFO] models - Member found: Chez Bono with member code: MEM-E1594E [models.get_by_code:113]
2024-11-15 07:57:44,389 [INFO] models - Attendance found for member code: MEM-E1594E [models.get_last_attendance:153]
2024-11-15 07:57:44,391 [INFO] models - Attendance updated for member code: MEM-E1594E with visit number: 3 [models.create:185]
2024-11-15 07:57:50,650 [INFO] models - Fetched all payment records. Total records: 2 [models.get_all:330]
2024-11-15 07:57:51,671 [INFO] models - Retrieved all attendance records. Total records: 5 [models.get_all:221]
2024-11-15 07:58:08,630 [INFO] models - New member created: Maria Dolores with member code: MEM-C5E94F [models.create:95]
2024-11-15 07:58:29,373 [INFO] models - Member found: Maria Dolores with member code: MEM-C5E94F [models.get_by_code:113]
2024-11-15 07:58:29,375 [INFO] models - New attendance created for member code: MEM-C5E94F [models.create:191]
2024-11-15 07:58:32,098 [INFO] models - Retrieved all attendance records. Total records: 6 [models.get_all:221]
2024-11-15 07:58:39,703 [INFO] models - Member found: Maria Dolores with member code: MEM-C5E94F [models.get_by_code:113]
2024-11-15 07:58:39,703 [INFO] models - Attendance found for member code: MEM-C5E94F [models.get_last_attendance:153]
2024-11-15 07:58:45,010 [INFO] models - Retrieved all attendance records. Total records: 6 [models.get_all:221]
2024-11-15 07:59:14,722 [INFO] models - Member found: Jason Yehezkiel Wijaya with member code: MEM-7F6CCC [models.get_by_code:113]
2024-11-15 07:59:14,723 [INFO] models - Attendance found for member code: MEM-7F6CCC [models.get_last_attendance:153]
2024-11-15 07:59:14,724 [INFO] models - Attendance updated for member code: MEM-7F6CCC with visit number: 2 [models.create:185]
2024-11-15 07:59:23,554 [INFO] models - Member found: Chez Bono with member code: MEM-E1594E [models.get_by_code:113]
2024-11-15 07:59:23,555 [INFO] models - Attendance found for member code: MEM-E1594E [models.get_last_attendance:153]
2024-11-15 08:00:14,027 [INFO] models - Member found: Chez Bono with member code: MEM-E1594E [models.get_by_code:113]
2024-11-15 08:00:14,029 [INFO] models - Attendance found for member code: MEM-E1594E [models.get_last_attendance:153]
2024-11-15 08:00:14,030 [INFO] models - Attendance updated for member code: MEM-E1594E with visit number: 4 [models.create:185]
2024-11-15 08:00:16,769 [INFO] models - Retrieved all attendance records. Total records: 6 [models.get_all:221]
2024-11-15 08:00:16,776 [INFO] models - Retrieved all attendance records. Total records: 6 [models.get_all:221]
2024-11-15 08:02:31,341 [INFO] models - Member found: Chez Bono with member code: MEM-E1594E [models.get_by_code:113]
2024-11-15 08:02:31,342 [INFO] models - Attendance found for member code: MEM-E1594E [models.get_last_attendance:153]
2024-11-15 08:02:31,344 [INFO] models - Attendance updated for member code: MEM-E1594E with visit number: 5 [models.create:185]
2024-11-15 08:02:31,349 [INFO] models - Payment record created for member code: MEM-E1594E with payment of 250000 [models.create:271]
2024-11-15 08:02:35,210 [INFO] models - Retrieved all attendance records. Total records: 6 [models.get_all:221]
2024-11-15 08:02:41,132 [INFO] models - Fetched all payment records. Total records: 3 [models.get_all:330]
2024-11-15 08:02:42,277 [INFO] models - Retrieved all attendance records. Total records: 6 [models.get_all:221]
2024-11-15 08:02:51,407 [INFO] models - Member found: Jason Yehezkiel Wijaya with member code: MEM-7F6CCC [models.get_by_code:113]
2024-11-15 08:02:51,407 [INFO] models - Attendance found for member code: MEM-7F6CCC [models.get_last_attendance:153]
2024-11-15 08:02:51,409 [INFO] models - Attendance updated for member code: MEM-7F6CCC with visit number: 3 [models.create:185]
2024-11-15 08:03:01,111 [INFO] models - Member found: Frank Sinatra with member code: MEM-7F1322 [models.get_by_code:113]
2024-11-15 08:03:01,112 [INFO] models - Attendance found for member code: MEM-7F1322 [models.get_last_attendance:153]
2024-11-15 08:03:01,114 [INFO] models - Attendance updated for member code: MEM-7F1322 with visit number: 3 [models.create:185]
2024-11-15 08:03:10,414 [INFO] models - Retrieved all attendance records. Total records: 6 [models.get_all:221]
2024-11-16 11:26:47,208 [DEBUG] models - Database connection established. [models.get_connection:24]
2024-11-16 11:26:47,212 [INFO] models - Retrieved all attendance records. Total records: 6 [models.get_all:221]
2024-11-16 11:26:56,758 [INFO] models - Member found: Jason Yehezkiel Wijaya with member code: MEM-7F6CCC [models.get_by_code:113]
2024-11-16 11:26:56,759 [INFO] models - Attendance found for member code: MEM-7F6CCC [models.get_last_attendance:153]
2024-11-16 11:26:56,786 [INFO] models - Attendance updated for member code: MEM-7F6CCC with visit number: 4 [models.create:185]
2024-11-16 11:26:59,819 [INFO] models - Retrieved all attendance records. Total records: 6 [models.get_all:221]
2024-11-16 11:27:03,641 [INFO] models - Member found: Jason Yehezkiel Wijaya with member code: MEM-7F6CCC [models.get_by_code:113]
2024-11-16 11:27:03,642 [INFO] models - Attendance found for member code: MEM-7F6CCC [models.get_last_attendance:153]
2024-11-16 11:27:21,068 [INFO] models - Member found: Chez Bono with member code: MEM-E1594E [models.get_by_code:113]
2024-11-16 11:27:21,069 [INFO] models - Unpaid payment found for member MEM-E1594E with payment of 250000 [models.get_unpaid:291]
2024-11-16 11:31:55,270 [DEBUG] models - Database connection established. [models.get_connection:24]
2024-11-16 11:33:44,078 [INFO] models - Member found: Jason Yehezkiel Wijaya with member code: MEM-7F6CCC [models.get_by_code:113]
2024-11-16 11:33:44,079 [INFO] models - Attendance found for member code: MEM-7F6CCC [models.get_last_attendance:153]
2024-11-16 11:33:44,081 [INFO] models - Attendance updated for member code: MEM-7F6CCC with visit number: 5 [models.create:185]
2024-11-16 11:33:44,089 [INFO] models - Payment record created for member code: MEM-7F6CCC with payment of 500000 [models.create:271]
2024-11-16 11:33:50,352 [INFO] models - Retrieved all attendance records. Total records: 6 [models.get_all:221]
2024-11-16 11:33:50,787 [INFO] models - Fetched all payment records. Total records: 4 [models.get_all:330]
2024-11-16 11:33:52,651 [INFO] models - Retrieved all attendance records. Total records: 6 [models.get_all:221]
2024-11-16 11:33:56,651 [INFO] models - Member found: Frank Sinatra with member code: MEM-7F1322 [models.get_by_code:113]
2024-11-16 11:33:56,652 [INFO] models - Attendance found for member code: MEM-7F1322 [models.get_last_attendance:153]
2024-11-16 11:33:56,654 [INFO] models - Attendance updated for member code: MEM-7F1322 with visit number: 4 [models.create:185]
2024-11-16 11:33:59,479 [INFO] models - Retrieved all attendance records. Total records: 6 [models.get_all:221]
2024-11-16 11:35:46,814 [INFO] models - Member found: Maria Dolores with member code: MEM-C5E94F [models.get_by_code:113]
2024-11-16 11:35:46,815 [INFO] models - Attendance found for member code: MEM-C5E94F [models.get_last_attendance:153]
2024-11-16 11:35:46,817 [INFO] models - Attendance updated for member code: MEM-C5E94F with visit number: 2 [models.create:185]
2024-11-16 11:38:48,042 [INFO] models - Fetched all payment records. Total records: 4 [models.get_all:330]
2024-11-16 11:39:58,404 [INFO] models - Retrieved all attendance records. Total records: 6 [models.get_all:221]
2024-11-16 11:40:09,294 [WARNING] models - Member not found for code: Jason Yehezkiel Wijaya [models.get_by_code:121]
2024-11-16 11:40:36,160 [INFO] models - New member created: Thierry Henry with member code: MEM-F62009 [models.create:95]
2024-11-16 11:40:58,169 [INFO] models - Member found: Thierry Henry with member code: MEM-F62009 [models.get_by_code:113]
2024-11-16 11:40:58,171 [INFO] models - New attendance created for member code: MEM-F62009 [models.create:191]
2024-11-16 11:41:19,623 [INFO] models - Fetched all payment records. Total records: 4 [models.get_all:330]
2024-11-16 11:41:23,765 [INFO] models - Unpaid payment found for member MEM-E1594E with payment of 250000 [models.get_unpaid:291]
2024-11-16 11:41:23,777 [INFO] models - Payment marked as paid for member MEM-E1594E [models.mark_as_paid:351]
2024-11-16 11:41:23,779 [INFO] models - Attendance found for member code: MEM-E1594E [models.get_last_attendance:153]
2024-11-16 11:41:23,782 [INFO] models - Visit number reset for member code: MEM-E1594E to 0 [models.reset_visit_number:242]
2024-11-16 11:41:24,844 [INFO] models - Fetched all payment records. Total records: 4 [models.get_all:330]
2024-11-16 11:42:10,649 [INFO] models - Member found: Chez Bono with member code: MEM-E1594E [models.get_by_code:113]
2024-11-16 11:42:10,649 [INFO] models - Attendance found for member code: MEM-E1594E [models.get_last_attendance:153]
2024-11-16 11:42:10,651 [INFO] models - Attendance updated for member code: MEM-E1594E with visit number: 1 [models.create:185]
2024-11-16 12:20:26,199 [INFO] models - New member created: Niamh McAllister with member code: MEM-6EADB9 [models.create:95]
2024-11-16 12:21:39,277 [INFO] models - Member found: Niamh McAllister with member code: MEM-6EADB9 [models.get_by_code:113]
2024-11-16 12:21:39,281 [INFO] models - New attendance created for member code: MEM-6EADB9 [models.create:191]
2024-11-16 12:22:05,549 [INFO] models - Member found: Jason Yehezkiel Wijaya with member code: MEM-7F6CCC [models.get_by_code:113]
2024-11-16 12:22:05,551 [INFO] models - Unpaid payment found for member MEM-7F6CCC with payment of 500000 [models.get_unpaid:291]
2024-11-16 12:22:58,615 [INFO] models - Retrieved all attendance records. Total records: 8 [models.get_all:221]
2024-11-16 12:23:03,750 [INFO] models - Member found: Chez Bono with member code: MEM-E1594E [models.get_by_code:113]
2024-11-16 12:23:03,752 [INFO] models - Attendance found for member code: MEM-E1594E [models.get_last_attendance:153]
2024-11-16 12:23:03,754 [INFO] models - Attendance updated for member code: MEM-E1594E with visit number: 2 [models.create:185]
2024-11-16 12:23:07,970 [INFO] models - Retrieved all attendance records. Total records: 8 [models.get_all:221]
2024-11-16 12:24:46,986 [INFO] models - Member found: Maria Dolores with member code: MEM-C5E94F [models.get_by_code:113]
2024-11-16 12:24:46,988 [INFO] models - Attendance found for member code: MEM-C5E94F [models.get_last_attendance:153]
2024-11-16 12:24:46,990 [INFO] models - Attendance updated for member code: MEM-C5E94F with visit number: 3 [models.create:185]
2024-11-16 12:26:07,846 [INFO] models - Retrieved all attendance records. Total records: 8 [models.get_all:221]
2024-11-16 12:26:13,343 [INFO] models - Member found: Frank Sinatra with member code: MEM-7F1322 [models.get_by_code:113]
2024-11-16 12:26:13,344 [INFO] models - Attendance found for member code: MEM-7F1322 [models.get_last_attendance:153]
2024-11-16 12:26:13,346 [INFO] models - Attendance updated for member code: MEM-7F1322 with visit number: 5 [models.create:185]
2024-11-16 12:26:13,352 [INFO] models - Payment record created for member code: MEM-7F1322 with payment of 500000 [models.create:271]
2024-11-16 12:26:42,170 [INFO] models - Member found: Frank Sinatra with member code: MEM-7F1322 [models.get_by_code:113]
2024-11-16 12:26:42,171 [INFO] models - Unpaid payment found for member MEM-7F1322 with payment of 500000 [models.get_unpaid:291]
2024-11-16 12:36:00,742 [DEBUG] models - Database connection established. [models.get_connection:24]
2024-12-14 08:43:34,476 [DEBUG] models - Database connection established. [models.get_connection:24]
2024-12-14 08:43:34,482 [INFO] models - New member created: Jason Yehezkiel Wijaya with member code: MEM-0CE47C [models.create:95]
2024-12-14 08:43:39,860 [INFO] models - Member found: Jason Yehezkiel Wijaya with member code: MEM-0CE47C [models.get_by_code:113]
2024-12-14 08:43:39,863 [INFO] models - New attendance created for member code: MEM-0CE47C [models.create:191]
2024-12-14 08:43:42,497 [INFO] models - Retrieved all attendance records. Total records: 9 [models.get_all:221]
2024-12-14 08:43:45,040 [INFO] models - Fetched all payment records. Total records: 5 [models.get_all:330]
2024-12-14 08:43:46,111 [INFO] models - Retrieved all attendance records. Total records: 9 [models.get_all:221]
2024-12-14 09:08:53,030 [INFO] models - Retrieved all attendance records. Total records: 9 [models.get_all:221]
2024-12-14 09:08:56,975 [INFO] models - Member found: Jason Yehezkiel Wijaya with member code: MEM-0CE47C [models.get_by_code:113]
2024-12-14 09:08:56,976 [INFO] models - Attendance found for member code: MEM-0CE47C [models.get_last_attendance:153]
2024-12-14 09:08:56,994 [INFO] models - Attendance updated for member code: MEM-0CE47C with visit number: 2 [models.create:185]
2024-12-14 09:09:01,895 [INFO] models - Retrieved all attendance records. Total records: 9 [models.get_all:221]
2024-12-14 09:47:21,533 [INFO] models - Retrieved all attendance records. Total records: 9 [models.get_all:221]
2024-12-14 09:47:22,046 [INFO] models - Fetched all payment records. Total records: 5 [models.get_all:330]
2024-12-14 09:48:03,873 [INFO] models - Retrieved all attendance records. Total records: 9 [models.get_all:221]
2024-12-14 09:54:09,962 [INFO] models - New member created: John Doe with member code: MEM-B33EE4 [models.create:95]
2024-12-14 09:54:23,246 [INFO] models - Member found: John Doe with member code: MEM-B33EE4 [models.get_by_code:113]
2024-12-14 09:54:23,249 [INFO] models - New attendance created for member code: MEM-B33EE4 [models.create:191]
2024-12-14 09:54:28,553 [INFO] models - Member found: John Doe with member code: MEM-B33EE4 [models.get_by_code:113]
2024-12-14 09:54:28,555 [INFO] models - Attendance found for member code: MEM-B33EE4 [models.get_last_attendance:153]
2024-12-14 09:54:33,781 [INFO] models - Member found: John Doe with member code: MEM-B33EE4 [models.get_by_code:113]
2024-12-14 09:54:33,782 [INFO] models - Attendance found for member code: MEM-B33EE4 [models.get_last_attendance:153]
2024-12-14 09:54:36,725 [INFO] models - Retrieved all attendance records. Total records: 10 [models.get_all:221]
2024-12-14 09:55:49,243 [DEBUG] models - Database connection established. [models.get_connection:24]
2024-12-14 09:55:49,243 [INFO] models - Member found: John Doe with member code: MEM-B33EE4 [models.get_by_code:113]
2024-12-14 09:55:49,243 [INFO] models - Attendance found for member code: MEM-B33EE4 [models.get_last_attendance:153]
2024-12-14 09:55:49,249 [INFO] models - Attendance updated for member code: MEM-B33EE4 with visit number: 2 [models.create:185]
2024-12-14 09:55:52,913 [INFO] models - Retrieved all attendance records. Total records: 10 [models.get_all:221]
2024-12-14 09:55:55,541 [INFO] models - Member found: John Doe with member code: MEM-B33EE4 [models.get_by_code:113]
2024-12-14 09:55:55,541 [INFO] models - Attendance found for member code: MEM-B33EE4 [models.get_last_attendance:153]
2024-12-14 09:55:55,542 [INFO] models - Attendance updated for member code: MEM-B33EE4 with visit number: 3 [models.create:185]
2024-12-14 09:55:58,455 [INFO] models - Member found: John Doe with member code: MEM-B33EE4 [models.get_by_code:113]
2024-12-14 09:55:58,455 [INFO] models - Attendance found for member code: MEM-B33EE4 [models.get_last_attendance:153]
2024-12-14 09:55:58,457 [INFO] models - Attendance updated for member code: MEM-B33EE4 with visit number: 4 [models.create:185]
2024-12-14 09:56:00,903 [INFO] models - Member found: John Doe with member code: MEM-B33EE4 [models.get_by_code:113]
2024-12-14 09:56:00,903 [INFO] models - Attendance found for member code: MEM-B33EE4 [models.get_last_attendance:153]
2024-12-14 09:56:00,905 [INFO] models - Attendance updated for member code: MEM-B33EE4 with visit number: 5 [models.create:185]
2024-12-14 09:56:00,910 [INFO] models - Payment record created for member code: MEM-B33EE4 with payment of 250000 [models.create:271]
2024-12-14 09:56:09,582 [INFO] models - Member found: John Doe with member code: MEM-B33EE4 [models.get_by_code:113]
2024-12-14 09:56:09,582 [INFO] models - Unpaid payment found for member MEM-B33EE4 with payment of 250000 [models.get_unpaid:291]
2024-12-14 09:56:16,054 [INFO] models - Fetched all payment records. Total records: 6 [models.get_all:330]
2024-12-14 09:56:22,183 [INFO] models - Unpaid payment found for member MEM-B33EE4 with payment of 250000 [models.get_unpaid:291]
2024-12-14 09:56:22,185 [INFO] models - Payment marked as paid for member MEM-B33EE4 [models.mark_as_paid:351]
2024-12-14 09:56:22,187 [INFO] models - Attendance found for member code: MEM-B33EE4 [models.get_last_attendance:153]
2024-12-14 09:56:22,191 [INFO] models - Visit number reset for member code: MEM-B33EE4 to 0 [models.reset_visit_number:242]
2024-12-14 09:56:23,667 [INFO] models - Fetched all payment records. Total records: 6 [models.get_all:330]
2024-12-14 09:56:27,256 [INFO] models - Member found: John Doe with member code: MEM-B33EE4 [models.get_by_code:113]
2024-12-14 09:56:27,256 [INFO] models - Attendance found for member code: MEM-B33EE4 [models.get_last_attendance:153]
2024-12-14 09:56:27,258 [INFO] models - Attendance updated for member code: MEM-B33EE4 with visit number: 1 [models.create:185]
2024-12-14 09:56:30,720 [INFO] models - Retrieved all attendance records. Total records: 10 [models.get_all:221]
